<?xml version="1.0" encoding="UTF-8"?>
<!-- Generated by org.testng.reporters.JUnitReportReporter -->
<testsuite hostname="Mypc" name="com.QEdge.fflaunch" tests="1" failures="0" timestamp="28 Jun 2016 04:21:26 GMT" time="9.380" errors="0">
  <testcase name="mm" time="9.380" classname="com.QEdge.fflaunch"/>
</testsuite> <!-- com.QEdge.fflaunch -->
